2026-01-29 19:59:58,041 [INFO] com.rev.passwordmanager.app.Log4jTest - Log4j is working
2026-01-29 19:59:58,041 [WARN] com.rev.passwordmanager.app.Log4jTest - This is a warning
2026-01-29 19:59:58,041 [ERROR] com.rev.passwordmanager.app.Log4jTest - This is an error
2026-01-29 21:13:23,024 [INFO] com.rev.passwordmanager.app.RevPasswordManagerApp - Rev Password Manager Application Started
2026-01-29 22:48:22,460 [INFO] com.rev.passwordmanager.app.RevPasswordManagerApp - Rev Password Manager Application Started
2026-01-29 22:48:41,341 [INFO] com.rev.passwordmanager.service.UserService - Login request received
2026-01-29 22:48:41,352 [WARN] com.rev.passwordmanager.service.UserService - Invalid login email
2026-01-29 22:48:41,352 [WARN] com.rev.passwordmanager.app.RevPasswordManagerApp - Validation error: Invalid email format
2026-01-29 23:11:10,082 [INFO] com.rev.passwordmanager.app.RevPasswordManagerApp - Rev Password Manager Application Started
2026-01-29 23:12:04,133 [INFO] com.rev.passwordmanager.service.UserService - Register request received
2026-01-29 23:12:04,163 [WARN] com.rev.passwordmanager.service.UserService - Invalid email entered
2026-01-29 23:12:04,163 [WARN] com.rev.passwordmanager.app.RevPasswordManagerApp - Validation error: Invalid email. Email must contain '@'
2026-01-30 10:10:06,868 [INFO] com.rev.passwordmanager.app.RevPasswordManagerApp - Rev Password Manager Application Started
2026-01-30 12:04:21 [INFO] com.rev.passwordmanager.service.UserService - Login request received
2026-01-30 12:04:21 [INFO] com.rev.passwordmanager.app.RevPasswordManagerApp - User logged in: sai@gmail.com
2026-01-30 12:05:00 [INFO] com.rev.passwordmanager.service.UserService - Adding security question for userId=20
2026-01-30 12:05:00 [ERROR] com.rev.passwordmanager.dao.UserDAO - java.sql.SQLSyntaxErrorException: ORA-00904: "SECURITY_ANSWER": invalid identifier

2026-01-30 12:05:00 [INFO] com.rev.passwordmanager.app.RevPasswordManagerApp - Security question added for userId=20
2026-01-30 12:05:05 [INFO] com.rev.passwordmanager.service.UserService - Listing passwords for userId=20
2026-01-30 12:05:22 [INFO] com.rev.passwordmanager.app.RevPasswordManagerApp - User logged out: sai@gmail.com
2026-01-30 12:09:07 [ERROR] com.rev.passwordmanager.dao.UserDAO - java.sql.SQLSyntaxErrorException: ORA-00904: "SECURITY_QUESTION": invalid identifier

2026-01-30 13:03:44 [INFO] com.rev.passwordmanager.service.UserService - Register request received
2026-01-30 14:11:29 [INFO] com.rev.passwordmanager.service.UserService - Register request received
2026-01-30 14:11:29 [ERROR] com.rev.passwordmanager.dao.UserDAO - Registration error
java.sql.SQLIntegrityConstraintViolationException: ORA-00001: unique constraint (ANJAN.SYS_C004080) violated

	at oracle.jdbc.driver.T4CTTIoer.processError(T4CTTIoer.java:447)
	at oracle.jdbc.driver.T4CTTIoer.processError(T4CTTIoer.java:396)
	at oracle.jdbc.driver.T4C8Oall.processError(T4C8Oall.java:951)
	at oracle.jdbc.driver.T4CTTIfun.receive(T4CTTIfun.java:513)
	at oracle.jdbc.driver.T4CTTIfun.doRPC(T4CTTIfun.java:227)
	at oracle.jdbc.driver.T4C8Oall.doOALL(T4C8Oall.java:531)
	at oracle.jdbc.driver.T4CPreparedStatement.doOall8(T4CPreparedStatement.java:208)
	at oracle.jdbc.driver.T4CPreparedStatement.executeForRows(T4CPreparedStatement.java:1046)
	at oracle.jdbc.driver.OracleStatement.doExecuteWithTimeout(OracleStatement.java:1336)
	at oracle.jdbc.driver.OraclePreparedStatement.executeInternal(OraclePreparedStatement.java:3613)
	at oracle.jdbc.driver.OraclePreparedStatement.executeUpdate(OraclePreparedStatement.java:3694)
	at oracle.jdbc.driver.OraclePreparedStatementWrapper.executeUpdate(OraclePreparedStatementWrapper.java:1354)
	at com.rev.passwordmanager.dao.UserDAO.registerUser(UserDAO.java:41)
	at com.rev.passwordmanager.service.UserService.register(UserService.java:33)
	at com.rev.passwordmanager.app.RevPasswordManagerApp.main(RevPasswordManagerApp.java:86)
2026-01-30 14:12:00 [INFO] com.rev.passwordmanager.service.UserService - Register request received
2026-01-30 14:18:36 [INFO] com.rev.passwordmanager.app.RevPasswordManagerApp - Application started
2026-01-30 14:20:09 [INFO] com.rev.passwordmanager.service.UserService - Register request received
2026-01-30 14:20:09 [WARN] com.rev.passwordmanager.app.RevPasswordManagerApp - Validation error: Invalid email format
2026-01-30 14:21:22 [INFO] com.rev.passwordmanager.app.RevPasswordManagerApp - Application started
2026-01-30 14:26:03 [INFO] com.rev.passwordmanager.app.RevPasswordManagerApp - Application started
2026-01-30 14:28:47 [INFO] com.rev.passwordmanager.app.RevPasswordManagerApp - Application started
2026-01-30 14:29:37 [INFO] com.rev.passwordmanager.service.UserService - Login request received
2026-01-30 14:29:37 [WARN] com.rev.passwordmanager.app.RevPasswordManagerApp - Validation error: Password must be at least 6 characters
2026-01-30 14:32:31 [INFO] com.rev.passwordmanager.service.UserService - Register request received
2026-01-30 14:32:31 [INFO] com.rev.passwordmanager.app.RevPasswordManagerApp - User registered: john@gmail.com
2026-01-30 14:32:55 [INFO] com.rev.passwordmanager.service.UserService - Login request received
2026-01-30 14:32:55 [INFO] com.rev.passwordmanager.app.RevPasswordManagerApp - User logged in: john@gmail.com
2026-01-30 14:33:32 [INFO] com.rev.passwordmanager.service.UserService - Adding password for userId=24
2026-01-30 14:33:49 [INFO] com.rev.passwordmanager.service.UserService - Adding security question for userId=24
2026-01-30 14:33:56 [INFO] com.rev.passwordmanager.service.UserService - Listing passwords for userId=24
2026-01-30 14:34:37 [INFO] com.rev.passwordmanager.service.UserService - Searching password for userId=24
2026-01-30 15:01:33 [INFO] com.rev.passwordmanager.app.RevPasswordManagerApp - Application started
2026-01-30 15:02:15 [INFO] com.rev.passwordmanager.app.RevPasswordManagerApp - User registered: ravan@gmail.com
2026-01-30 15:02:41 [INFO] com.rev.passwordmanager.app.RevPasswordManagerApp - User logged in: ravan@gmail.com
